Arguments: 
  D:\nodejs\node.exe C:\Program Files (x86)\Yarn\bin\yarn.js install

PATH: 
  C:\Users\abire\bin;C:\Program Files\Git\mingw64\bin;C:\Program Files\Git\usr\local\bin;C:\Program Files\Git\usr\bin;C:\Program Files\Git\usr\bin;C:\Program Files\Git\mingw64\bin;C:\Program Files\Git\usr\bin;C:\Users\abire\bin;C:\Program Files\Common Files\Oracle\Java\javapath;D:\IBM\ext\bin\spss.TMWBServer\bin;C:\Program Files (x86)\python\Scripts;C:\Program Files (x86)\python;E:\app\abire\product\11.2.0\dbhome_1\bin;C:\App\db_home\bin;C:\Users\abire\OneDrive\Desktop\WINDOWS.X64_193000_db_home\bin;C:\Program Files (x86)\Common Files\Oracle\Java\javapath;C:\TDM-GCC-64\bin;C:\Program Files\NVIDIA Corporation\NVIDIA NvDLISR;C:\Program Files\dotnet;C:\Windows\System32;C:\Program Files (x86)\Microsoft SQL Server\100\Tools\Binn;C:\Program Files\Microsoft SQL Server\100\Tools\Binn;C:\Program Files\Microsoft SQL Server\100\DTS\Binn;C:\Program Files\Microsoft SQL Server\Client SDK\ODBC\130\Tools\Binn;C:\Program Files (x86)\Microsoft SQL Server\140\Tools\Binn;C:\Program Files\Microsoft SQL Server\140\Tools\Binn;C:\Program Files\Microsoft SQL Server\140\DTS\Binn;C:\Program Files\Microsoft SQL Server\130\Tools\Binn;C:\wamp\bin\php\php7.2.14;C:\ProgramData\ComposerSetup\bin;C:\Program Files\Git\cmd;C:\Program Files (x86)\Java\jdk1.8.0_181\bin;C:\WINDOWS\system32;C:\WINDOWS;C:\WINDOWS\System32\Wbem;C:\WINDOWS\System32\WindowsPowerShell\v1.0;C:\WINDOWS\System32\OpenSSH;C:\Program Files\OpenSSL-Win64\bin;C:\Program Files (x86)\GtkSharp\2.12\bin;C:\Users\abire\AppData\Roaming\Python\Python37\Scripts;C:\Program Files\Microsoft SQL Server\Client SDK\ODBC\170\Tools\Binn;D:\nodejs;C:\Program Files (x86)\Yarn\bin;C:\Program Files\Java\jdk-11.0.9\bin;C:\Users\abire\sonarqube-8.6.0.39681\sonarqube-8.6.0.39681\sonar-scanner-cli-4.5.0.2216-windows\sonar-scanner-4.5.0.2216-windows\bin;C:\Users\abire\Anaconda2;C:\Program Files\MySQL\MySQL Shell 8.0\bin;C:\Microsoft VS Code\bin;C:\Users\abire\AppData\Roaming\Composer\vendor\bin;C:\wamp\bin\php\php7.2.14\php.exe;%USERPROFILE%\AppData\Local\Microsoft\WindowsApps;C:\Exercism;C:\Program Files\MongoDB\Server\4.4\bin;C:\Program Files\OpenSSL-Win64\bin;C:\Users\abire\AppData\Roaming\Python\Python37\Scripts;%PhpStorm%;C:\Users\abire\AppData\Roaming\npm;C:\Users\abire\AppData\Local\Yarn\bin;C:\Users\abire\AppData\Local\hyper\app-3.0.2\resources\bin;C:\Program Files\Git\usr\bin\vendor_perl;C:\Program Files\Git\usr\bin\core_perl

Yarn version: 
  1.22.5

Node version: 
  14.15.1

Platform: 
  win32 x64

Trace: 
  Error: EPERM: operation not permitted, unlink 'D:\Desktop\iwim.S5\Dev_mobile\GestionDesExams\api\node_modules\boxen\node_modules\chalk\source'

npm manifest: 
  {
    "name": "api",
    "version": "1.0.0",
    "description": "",
    "main": "server.js",
    "scripts": {
      "start": "node server.js",
      "server": "nodemon server.js"
    },
    "keywords": [],
    "author": "",
    "license": "ISC",
    "dependencies": {
      "bcryptjs": "^2.4.3",
      "body-parser": "^1.19.0",
      "concurrently": "^5.3.0",
      "cors": "^2.8.5",
      "dotenv": "^8.2.0",
      "express": "^4.17.1",
      "is-empty": "^1.2.0",
      "jsonwebtoken": "^8.5.1",
      "mongoose": "^5.11.9",
      "validator": "^13.5.2"
    },
    "devDependencies": {
      "nodemon": "^2.0.6"
    }
  }

yarn manifest: 
  No manifest

Lockfile: 
  No lockfile
